Result = 17.0/50
Penalty = 5%
Final Mark = 16.15
Test 1-1: Test creating different types of devices
SUCCESS DONE

Test 1-2: Test removing different types of devices
SUCCESS DONE

Test 1-3: Test creating different types of satellites
SUCCESS DONE

Test 1-4: Test removing different types of satellites
SUCCESS DONE

Test 1-5: Test adding a file to a device
SUCCESS DONE

Test 1-6: Testing retrieving device information
SUCCESS DONE

Test 1-7: Testing retrieving satellite information
SUCCESS DONE

Test 2-1: Test simulation with a standard satellite
Task2MarkingTests > Test simulation with a standard satellite FAILED org.opentest4j.AssertionFailedError: expected: <true> but was: <false> at app//org.junit.jupiter.api.AssertionUtils.fail(AssertionUtils.java:55) at app//org.junit.jupiter.api.AssertTrue.assertTrue(AssertTrue.java:40) at app//org.junit.jupiter.api.AssertTrue.assertTrue(AssertTrue.java:35) at app//org.junit.jupiter.api.Assertions.assertTrue(Assertions.java:179) at app//blackout.TestHelpers.assertEqualsMargin(TestHelpers.java:23) at app//blackout.Task2MarkingTests.simulate(Task2MarkingTests.java:39) FAILURE DONE 1 test completed, 1 failed FAILURE: Build failed with an exception. bin blog.md build build.gradle checkstyle.xml design.drawio.pdf gradle gradlew gradlew.bat README.md src What went wrong: Execution failed for task ':test'. > There were failing tests. See the report at: file:///home/carl/tutoring/23T2/automarking/assignment-i-automarking/students/z5324992/build/reports/tests/test/index.html bin blog.md build build.gradle checkstyle.xml design.drawio.pdf gradle gradlew gradlew.bat README.md src Try: Run with --stacktrace option to get the stack trace. Run with --info or --debug option to get more log output. Run with --scan to get full insights. bin blog.md build build.gradle checkstyle.xml design.drawio.pdf gradle gradlew gradlew.bat README.md src Get more help at https://help.gradle.org BUILD FAILED in 2s

Test 2-3: Test wrapping behaviour around 360 and 0 degrees with standard satellite
Task2MarkingTests > Test wrapping behaviour around 360 and 0 degrees with standard satellite FAILED org.opentest4j.AssertionFailedError: expected: <true> but was: <false> at app//org.junit.jupiter.api.AssertionUtils.fail(AssertionUtils.java:55) at app//org.junit.jupiter.api.AssertTrue.assertTrue(AssertTrue.java:40) at app//org.junit.jupiter.api.AssertTrue.assertTrue(AssertTrue.java:35) at app//org.junit.jupiter.api.Assertions.assertTrue(Assertions.java:179) at app//blackout.TestHelpers.assertEqualsMargin(TestHelpers.java:23) at app//blackout.Task2MarkingTests.wrappingAround0(Task2MarkingTests.java:59) FAILURE DONE 1 test completed, 1 failed FAILURE: Build failed with an exception. bin blog.md build build.gradle checkstyle.xml design.drawio.pdf gradle gradlew gradlew.bat README.md src What went wrong: Execution failed for task ':test'. > There were failing tests. See the report at: file:///home/carl/tutoring/23T2/automarking/assignment-i-automarking/students/z5324992/build/reports/tests/test/index.html bin blog.md build build.gradle checkstyle.xml design.drawio.pdf gradle gradlew gradlew.bat README.md src Try: Run with --stacktrace option to get the stack trace. Run with --info or --debug option to get more log output. Run with --scan to get full insights. bin blog.md build build.gradle checkstyle.xml design.drawio.pdf gradle gradlew gradlew.bat README.md src Get more help at https://help.gradle.org BUILD FAILED in 2s

Test 2-4: Test wrapping behaviour around 360 and 0 degrees with teleporting satellite
Task2MarkingTests > Test wrapping behaviour around 360 and 0 degrees with teleporting satellite FAILED org.opentest4j.AssertionFailedError: expected: <true> but was: <false> at app//org.junit.jupiter.api.AssertionUtils.fail(AssertionUtils.java:55) at app//org.junit.jupiter.api.AssertTrue.assertTrue(AssertTrue.java:40) at app//org.junit.jupiter.api.AssertTrue.assertTrue(AssertTrue.java:35) at app//org.junit.jupiter.api.Assertions.assertTrue(Assertions.java:179) at app//blackout.TestHelpers.assertEqualsMargin(TestHelpers.java:23) at app//blackout.Task2MarkingTests.wrappingAround360(Task2MarkingTests.java:81) FAILURE DONE 1 test completed, 1 failed FAILURE: Build failed with an exception. bin blog.md build build.gradle checkstyle.xml design.drawio.pdf gradle gradlew gradlew.bat README.md src What went wrong: Execution failed for task ':test'. > There were failing tests. See the report at: file:///home/carl/tutoring/23T2/automarking/assignment-i-automarking/students/z5324992/build/reports/tests/test/index.html bin blog.md build build.gradle checkstyle.xml design.drawio.pdf gradle gradlew gradlew.bat README.md src Try: Run with --stacktrace option to get the stack trace. Run with --info or --debug option to get more log output. Run with --scan to get full insights. bin blog.md build build.gradle checkstyle.xml design.drawio.pdf gradle gradlew gradlew.bat README.md src Get more help at https://help.gradle.org BUILD FAILED in 2s

Test 2-5: Test movement of relay satellites
Task2MarkingTests > Test movement of relay satellites FAILED org.opentest4j.AssertionFailedError: expected: <true> but was: <false> at app//org.junit.jupiter.api.AssertionUtils.fail(AssertionUtils.java:55) at app//org.junit.jupiter.api.AssertTrue.assertTrue(AssertTrue.java:40) at app//org.junit.jupiter.api.AssertTrue.assertTrue(AssertTrue.java:35) at app//org.junit.jupiter.api.Assertions.assertTrue(Assertions.java:179) at app//blackout.TestHelpers.assertEqualsMargin(TestHelpers.java:23) at app//blackout.Task2MarkingTests.relayMovement(Task2MarkingTests.java:133) FAILURE DONE 1 test completed, 1 failed FAILURE: Build failed with an exception. bin blog.md build build.gradle checkstyle.xml design.drawio.pdf gradle gradlew gradlew.bat README.md src What went wrong: Execution failed for task ':test'. > There were failing tests. See the report at: file:///home/carl/tutoring/23T2/automarking/assignment-i-automarking/students/z5324992/build/reports/tests/test/index.html bin blog.md build build.gradle checkstyle.xml design.drawio.pdf gradle gradlew gradlew.bat README.md src Try: Run with --stacktrace option to get the stack trace. Run with --info or --debug option to get more log output. Run with --scan to get full insights. bin blog.md build build.gradle checkstyle.xml design.drawio.pdf gradle gradlew gradlew.bat README.md src Get more help at https://help.gradle.org BUILD FAILED in 2s

Test 2-6: Test relay satellites choose the shortest path to get into the [140-190] region
Task2MarkingTests > Test relay satellites choose the shortest path to get into the [140-190] region FAILED org.opentest4j.AssertionFailedError: expected: <true> but was: <false> at app//org.junit.jupiter.api.AssertionUtils.fail(AssertionUtils.java:55) at app//org.junit.jupiter.api.AssertTrue.assertTrue(AssertTrue.java:40) at app//org.junit.jupiter.api.AssertTrue.assertTrue(AssertTrue.java:35) at app//org.junit.jupiter.api.Assertions.assertTrue(Assertions.java:179) at app//blackout.TestHelpers.assertEqualsMargin(TestHelpers.java:23) at app//blackout.Task2MarkingTests.hardRelayCase(Task2MarkingTests.java:153) FAILURE DONE 1 test completed, 1 failed FAILURE: Build failed with an exception. bin blog.md build build.gradle checkstyle.xml design.drawio.pdf gradle gradlew gradlew.bat README.md src What went wrong: Execution failed for task ':test'. > There were failing tests. See the report at: file:///home/carl/tutoring/23T2/automarking/assignment-i-automarking/students/z5324992/build/reports/tests/test/index.html bin blog.md build build.gradle checkstyle.xml design.drawio.pdf gradle gradlew gradlew.bat README.md src Try: Run with --stacktrace option to get the stack trace. Run with --info or --debug option to get more log output. Run with --scan to get full insights. bin blog.md build build.gradle checkstyle.xml design.drawio.pdf gradle gradlew gradlew.bat README.md src Get more help at https://help.gradle.org BUILD FAILED in 2s

Test 2-7: Test communicable entities in range for different types of devices and satellites
SUCCESS DONE

Test 2-8: Testing a file can be created and sent
Task2MarkingTests > Testing a file can be created and sent FAILED org.opentest4j.AssertionFailedError: Unexpected exception thrown: java.lang.IllegalArgumentException: No Entities Found at app//org.junit.jupiter.api.AssertDoesNotThrow.createAssertionFailedError(AssertDoesNotThrow.java:83) at app//org.junit.jupiter.api.AssertDoesNotThrow.assertDoesNotThrow(AssertDoesNotThrow.java:54) at app//org.junit.jupiter.api.AssertDoesNotThrow.assertDoesNotThrow(AssertDoesNotThrow.java:37) at app//org.junit.jupiter.api.Assertions.assertDoesNotThrow(Assertions.java:3135) at app//blackout.Task2MarkingTests.canCreateFileAndSend(Task2MarkingTests.java:225) Caused by: java.lang.IllegalArgumentException: No Entities Found at unsw.blackout.BlackoutController.sendFile(BlackoutController.java:164) at blackout.Task2MarkingTests.lambda$canCreateFileAndSend$0(Task2MarkingTests.java:225) at org.junit.jupiter.api.AssertDoesNotThrow.assertDoesNotThrow(AssertDoesNotThrow.java:50) ... 3 more FAILURE DONE 1 test completed, 1 failed FAILURE: Build failed with an exception. bin blog.md build build.gradle checkstyle.xml design.drawio.pdf gradle gradlew gradlew.bat README.md src What went wrong: Execution failed for task ':test'. > There were failing tests. See the report at: file:///home/carl/tutoring/23T2/automarking/assignment-i-automarking/students/z5324992/build/reports/tests/test/index.html bin blog.md build build.gradle checkstyle.xml design.drawio.pdf gradle gradlew gradlew.bat README.md src Try: Run with --stacktrace option to get the stack trace. Run with --info or --debug option to get more log output. Run with --scan to get full insights. bin blog.md build build.gradle checkstyle.xml design.drawio.pdf gradle gradlew gradlew.bat README.md src Get more help at https://help.gradle.org BUILD FAILED in 2s

Test 2-9: Testing simple file transfer from device to satellite
Task2MarkingTests > Testing simple file transfer from device to satellite FAILED org.opentest4j.AssertionFailedError: Unexpected exception thrown: java.lang.IllegalArgumentException: No Entities Found at app//org.junit.jupiter.api.AssertDoesNotThrow.createAssertionFailedError(AssertDoesNotThrow.java:83) at app//org.junit.jupiter.api.AssertDoesNotThrow.assertDoesNotThrow(AssertDoesNotThrow.java:54) at app//org.junit.jupiter.api.AssertDoesNotThrow.assertDoesNotThrow(AssertDoesNotThrow.java:37) at app//org.junit.jupiter.api.Assertions.assertDoesNotThrow(Assertions.java:3135) at app//blackout.Task2MarkingTests.simpleFileTransfer(Task2MarkingTests.java:248) Caused by: java.lang.IllegalArgumentException: No Entities Found at unsw.blackout.BlackoutController.sendFile(BlackoutController.java:164) at blackout.Task2MarkingTests.lambda$simpleFileTransfer$1(Task2MarkingTests.java:248) at org.junit.jupiter.api.AssertDoesNotThrow.assertDoesNotThrow(AssertDoesNotThrow.java:50) ... 3 more FAILURE DONE 1 test completed, 1 failed FAILURE: Build failed with an exception. bin blog.md build build.gradle checkstyle.xml design.drawio.pdf gradle gradlew gradlew.bat README.md src What went wrong: Execution failed for task ':test'. > There were failing tests. See the report at: file:///home/carl/tutoring/23T2/automarking/assignment-i-automarking/students/z5324992/build/reports/tests/test/index.html bin blog.md build build.gradle checkstyle.xml design.drawio.pdf gradle gradlew gradlew.bat README.md src Try: Run with --stacktrace option to get the stack trace. Run with --info or --debug option to get more log output. Run with --scan to get full insights. bin blog.md build build.gradle checkstyle.xml design.drawio.pdf gradle gradlew gradlew.bat README.md src Get more help at https://help.gradle.org BUILD FAILED in 2s

Test 2-10: Testing simple file transfer from satellite to device
Task2MarkingTests > Testing simple file transfer from satellite to device FAILED org.opentest4j.AssertionFailedError: Unexpected exception thrown: java.lang.IllegalArgumentException: No Entities Found at app//org.junit.jupiter.api.AssertDoesNotThrow.createAssertionFailedError(AssertDoesNotThrow.java:83) at app//org.junit.jupiter.api.AssertDoesNotThrow.assertDoesNotThrow(AssertDoesNotThrow.java:54) at app//org.junit.jupiter.api.AssertDoesNotThrow.assertDoesNotThrow(AssertDoesNotThrow.java:37) at app//org.junit.jupiter.api.Assertions.assertDoesNotThrow(Assertions.java:3135) at app//blackout.Task2MarkingTests.simpleFileTransfer2(Task2MarkingTests.java:274) Caused by: java.lang.IllegalArgumentException: No Entities Found at unsw.blackout.BlackoutController.sendFile(BlackoutController.java:164) at blackout.Task2MarkingTests.lambda$simpleFileTransfer2$2(Task2MarkingTests.java:274) at org.junit.jupiter.api.AssertDoesNotThrow.assertDoesNotThrow(AssertDoesNotThrow.java:50) ... 3 more FAILURE DONE 1 test completed, 1 failed FAILURE: Build failed with an exception. bin blog.md build build.gradle checkstyle.xml design.drawio.pdf gradle gradlew gradlew.bat README.md src What went wrong: Execution failed for task ':test'. > There were failing tests. See the report at: file:///home/carl/tutoring/23T2/automarking/assignment-i-automarking/students/z5324992/build/reports/tests/test/index.html bin blog.md build build.gradle checkstyle.xml design.drawio.pdf gradle gradlew gradlew.bat README.md src Try: Run with --stacktrace option to get the stack trace. Run with --info or --debug option to get more log output. Run with --scan to get full insights. bin blog.md build build.gradle checkstyle.xml design.drawio.pdf gradle gradlew gradlew.bat README.md src Get more help at https://help.gradle.org BUILD FAILED in 2s

Test 2-11: Test multiple files transferring simultaneously
Task2MarkingTests > Test multiple files transferring simultaneously FAILED org.opentest4j.AssertionFailedError: Unexpected exception thrown: java.lang.IllegalArgumentException: No Entities Found at app//org.junit.jupiter.api.AssertDoesNotThrow.createAssertionFailedError(AssertDoesNotThrow.java:83) at app//org.junit.jupiter.api.AssertDoesNotThrow.assertDoesNotThrow(AssertDoesNotThrow.java:54) at app//org.junit.jupiter.api.AssertDoesNotThrow.assertDoesNotThrow(AssertDoesNotThrow.java:37) at app//org.junit.jupiter.api.Assertions.assertDoesNotThrow(Assertions.java:3135) at app//blackout.Task2MarkingTests.multipleFilesTransferring(Task2MarkingTests.java:311) Caused by: java.lang.IllegalArgumentException: No Entities Found at unsw.blackout.BlackoutController.sendFile(BlackoutController.java:164) at blackout.Task2MarkingTests.lambda$multipleFilesTransferring$4(Task2MarkingTests.java:311) at org.junit.jupiter.api.AssertDoesNotThrow.assertDoesNotThrow(AssertDoesNotThrow.java:50) ... 3 more FAILURE DONE 1 test completed, 1 failed FAILURE: Build failed with an exception. bin blog.md build build.gradle checkstyle.xml design.drawio.pdf gradle gradlew gradlew.bat README.md src What went wrong: Execution failed for task ':test'. > There were failing tests. See the report at: file:///home/carl/tutoring/23T2/automarking/assignment-i-automarking/students/z5324992/build/reports/tests/test/index.html bin blog.md build build.gradle checkstyle.xml design.drawio.pdf gradle gradlew gradlew.bat README.md src Try: Run with --stacktrace option to get the stack trace. Run with --info or --debug option to get more log output. Run with --scan to get full insights. bin blog.md build build.gradle checkstyle.xml design.drawio.pdf gradle gradlew gradlew.bat README.md src Get more help at https://help.gradle.org BUILD FAILED in 2s

Test 2-12: Test teleporting satellite transmitting to devices - splitting bandwidth
Task2MarkingTests > Test teleporting satellite transmitting to devices - splitting bandwidth FAILED org.opentest4j.AssertionFailedError: Unexpected exception thrown: java.lang.IllegalArgumentException: No Entities Found at app//org.junit.jupiter.api.AssertDoesNotThrow.createAssertionFailedError(AssertDoesNotThrow.java:83) at app//org.junit.jupiter.api.AssertDoesNotThrow.assertDoesNotThrow(AssertDoesNotThrow.java:54) at app//org.junit.jupiter.api.AssertDoesNotThrow.assertDoesNotThrow(AssertDoesNotThrow.java:37) at app//org.junit.jupiter.api.Assertions.assertDoesNotThrow(Assertions.java:3135) at app//blackout.Task2MarkingTests.splitBandwidth(Task2MarkingTests.java:368) Caused by: java.lang.IllegalArgumentException: No Entities Found at unsw.blackout.BlackoutController.sendFile(BlackoutController.java:164) at blackout.Task2MarkingTests.lambda$splitBandwidth$8(Task2MarkingTests.java:368) at org.junit.jupiter.api.AssertDoesNotThrow.assertDoesNotThrow(AssertDoesNotThrow.java:50) ... 3 more FAILURE DONE 1 test completed, 1 failed FAILURE: Build failed with an exception. bin blog.md build build.gradle checkstyle.xml design.drawio.pdf gradle gradlew gradlew.bat README.md src What went wrong: Execution failed for task ':test'. > There were failing tests. See the report at: file:///home/carl/tutoring/23T2/automarking/assignment-i-automarking/students/z5324992/build/reports/tests/test/index.html bin blog.md build build.gradle checkstyle.xml design.drawio.pdf gradle gradlew gradlew.bat README.md src Try: Run with --stacktrace option to get the stack trace. Run with --info or --debug option to get more log output. Run with --scan to get full insights. bin blog.md build build.gradle checkstyle.xml design.drawio.pdf gradle gradlew gradlew.bat README.md src Get more help at https://help.gradle.org BUILD FAILED in 1s

Test 2-13: Test teleporting satellite transmitting to standard - bandwidth bottlenecked on standard
Task2MarkingTests > Test teleporting satellite transmitting to standard - bandwidth bottlenecked on standard FAILED org.opentest4j.AssertionFailedError: Unexpected exception thrown: java.lang.IllegalArgumentException: No Entities Found at app//org.junit.jupiter.api.AssertDoesNotThrow.createAssertionFailedError(AssertDoesNotThrow.java:83) at app//org.junit.jupiter.api.AssertDoesNotThrow.assertDoesNotThrow(AssertDoesNotThrow.java:54) at app//org.junit.jupiter.api.AssertDoesNotThrow.assertDoesNotThrow(AssertDoesNotThrow.java:37) at app//org.junit.jupiter.api.Assertions.assertDoesNotThrow(Assertions.java:3135) at app//blackout.Task2MarkingTests.bottleNeckStandard(Task2MarkingTests.java:414) Caused by: java.lang.IllegalArgumentException: No Entities Found at unsw.blackout.BlackoutController.sendFile(BlackoutController.java:164) at blackout.Task2MarkingTests.lambda$bottleNeckStandard$11(Task2MarkingTests.java:414) at org.junit.jupiter.api.AssertDoesNotThrow.assertDoesNotThrow(AssertDoesNotThrow.java:50) ... 3 more FAILURE DONE 1 test completed, 1 failed FAILURE: Build failed with an exception. bin blog.md build build.gradle checkstyle.xml design.drawio.pdf gradle gradlew gradlew.bat README.md src What went wrong: Execution failed for task ':test'. > There were failing tests. See the report at: file:///home/carl/tutoring/23T2/automarking/assignment-i-automarking/students/z5324992/build/reports/tests/test/index.html bin blog.md build build.gradle checkstyle.xml design.drawio.pdf gradle gradlew gradlew.bat README.md src Try: Run with --stacktrace option to get the stack trace. Run with --info or --debug option to get more log output. Run with --scan to get full insights. bin blog.md build build.gradle checkstyle.xml design.drawio.pdf gradle gradlew gradlew.bat README.md src Get more help at https://help.gradle.org BUILD FAILED in 1s

Test 2-14: Test teleporting satellite movement and teleportation behaviour
Task2MarkingTests > Test teleporting satellite movement and teleportation behaviour FAILED org.opentest4j.AssertionFailedError: expected: <true> but was: <false> at app//org.junit.jupiter.api.AssertionUtils.fail(AssertionUtils.java:55) at app//org.junit.jupiter.api.AssertTrue.assertTrue(AssertTrue.java:40) at app//org.junit.jupiter.api.AssertTrue.assertTrue(AssertTrue.java:35) at app//org.junit.jupiter.api.Assertions.assertTrue(Assertions.java:179) at app//blackout.TestHelpers.assertEqualsMargin(TestHelpers.java:23) at app//blackout.Task2MarkingTests.testTeleportingSatelliteMovement(Task2MarkingTests.java:447) FAILURE DONE 1 test completed, 1 failed FAILURE: Build failed with an exception. bin blog.md build build.gradle checkstyle.xml design.drawio.pdf gradle gradlew gradlew.bat README.md src What went wrong: Execution failed for task ':test'. > There were failing tests. See the report at: file:///home/carl/tutoring/23T2/automarking/assignment-i-automarking/students/z5324992/build/reports/tests/test/index.html bin blog.md build build.gradle checkstyle.xml design.drawio.pdf gradle gradlew gradlew.bat README.md src Try: Run with --stacktrace option to get the stack trace. Run with --info or --debug option to get more log output. Run with --scan to get full insights. bin blog.md build build.gradle checkstyle.xml design.drawio.pdf gradle gradlew gradlew.bat README.md src Get more help at https://help.gradle.org BUILD FAILED in 1s

Test 2-15: Testing a device sending a file to a teleporting satellite which teleports mid-transfer
Task2MarkingTests > Testing a device sending file to a teleporting satellite FAILED org.opentest4j.AssertionFailedError: Unexpected exception thrown: java.lang.IllegalArgumentException: No Entities Found at app//org.junit.jupiter.api.AssertDoesNotThrow.createAssertionFailedError(AssertDoesNotThrow.java:83) at app//org.junit.jupiter.api.AssertDoesNotThrow.assertDoesNotThrow(AssertDoesNotThrow.java:54) at app//org.junit.jupiter.api.AssertDoesNotThrow.assertDoesNotThrow(AssertDoesNotThrow.java:37) at app//org.junit.jupiter.api.Assertions.assertDoesNotThrow(Assertions.java:3135) at app//blackout.Task2MarkingTests.testFromDeviceTeleporting(Task2MarkingTests.java:486) Caused by: java.lang.IllegalArgumentException: No Entities Found at unsw.blackout.BlackoutController.sendFile(BlackoutController.java:164) at blackout.Task2MarkingTests.lambda$testFromDeviceTeleporting$13(Task2MarkingTests.java:486) at org.junit.jupiter.api.AssertDoesNotThrow.assertDoesNotThrow(AssertDoesNotThrow.java:50) ... 3 more FAILURE DONE 1 test completed, 1 failed FAILURE: Build failed with an exception. bin blog.md build build.gradle checkstyle.xml design.drawio.pdf gradle gradlew gradlew.bat README.md src What went wrong: Execution failed for task ':test'. > There were failing tests. See the report at: file:///home/carl/tutoring/23T2/automarking/assignment-i-automarking/students/z5324992/build/reports/tests/test/index.html bin blog.md build build.gradle checkstyle.xml design.drawio.pdf gradle gradlew gradlew.bat README.md src Try: Run with --stacktrace option to get the stack trace. Run with --info or --debug option to get more log output. Run with --scan to get full insights. bin blog.md build build.gradle checkstyle.xml design.drawio.pdf gradle gradlew gradlew.bat README.md src Get more help at https://help.gradle.org BUILD FAILED in 1s

Test 2-16a: Testing file transfer from teleporting satelllite to device
Task2MarkingTests > Testing file transfer from teleporting satelllite to device FAILED org.opentest4j.AssertionFailedError: Unexpected exception thrown: java.lang.IllegalArgumentException: No Entities Found at app//org.junit.jupiter.api.AssertDoesNotThrow.createAssertionFailedError(AssertDoesNotThrow.java:83) at app//org.junit.jupiter.api.AssertDoesNotThrow.assertDoesNotThrow(AssertDoesNotThrow.java:54) at app//org.junit.jupiter.api.AssertDoesNotThrow.assertDoesNotThrow(AssertDoesNotThrow.java:37) at app//org.junit.jupiter.api.Assertions.assertDoesNotThrow(Assertions.java:3135) at app//blackout.Task2MarkingTests.testTeleportingToDevice(Task2MarkingTests.java:516) Caused by: java.lang.IllegalArgumentException: No Entities Found at unsw.blackout.BlackoutController.sendFile(BlackoutController.java:164) at blackout.Task2MarkingTests.lambda$testTeleportingToDevice$14(Task2MarkingTests.java:516) at org.junit.jupiter.api.AssertDoesNotThrow.assertDoesNotThrow(AssertDoesNotThrow.java:50) ... 3 more FAILURE DONE 1 test completed, 1 failed FAILURE: Build failed with an exception. bin blog.md build build.gradle checkstyle.xml design.drawio.pdf gradle gradlew gradlew.bat README.md src What went wrong: Execution failed for task ':test'. > There were failing tests. See the report at: file:///home/carl/tutoring/23T2/automarking/assignment-i-automarking/students/z5324992/build/reports/tests/test/index.html bin blog.md build build.gradle checkstyle.xml design.drawio.pdf gradle gradlew gradlew.bat README.md src Try: Run with --stacktrace option to get the stack trace. Run with --info or --debug option to get more log output. Run with --scan to get full insights. bin blog.md build build.gradle checkstyle.xml design.drawio.pdf gradle gradlew gradlew.bat README.md src Get more help at https://help.gradle.org BUILD FAILED in 1s

Test 2-16b: Testing file transfer from teleporting satellite to satellite
Task2MarkingTests > Testing file transfer from teleporting satellite to satellite FAILED org.opentest4j.AssertionFailedError: Unexpected exception thrown: java.lang.IllegalArgumentException: No Entities Found at app//org.junit.jupiter.api.AssertDoesNotThrow.createAssertionFailedError(AssertDoesNotThrow.java:83) at app//org.junit.jupiter.api.AssertDoesNotThrow.assertDoesNotThrow(AssertDoesNotThrow.java:54) at app//org.junit.jupiter.api.AssertDoesNotThrow.assertDoesNotThrow(AssertDoesNotThrow.java:37) at app//org.junit.jupiter.api.Assertions.assertDoesNotThrow(Assertions.java:3135) at app//blackout.Task2MarkingTests.testTeleportingToSatellite(Task2MarkingTests.java:553) Caused by: java.lang.IllegalArgumentException: No Entities Found at unsw.blackout.BlackoutController.sendFile(BlackoutController.java:164) at blackout.Task2MarkingTests.lambda$testTeleportingToSatellite$16(Task2MarkingTests.java:553) at org.junit.jupiter.api.AssertDoesNotThrow.assertDoesNotThrow(AssertDoesNotThrow.java:50) ... 3 more FAILURE DONE 1 test completed, 1 failed FAILURE: Build failed with an exception. bin blog.md build build.gradle checkstyle.xml design.drawio.pdf gradle gradlew gradlew.bat README.md src What went wrong: Execution failed for task ':test'. > There were failing tests. See the report at: file:///home/carl/tutoring/23T2/automarking/assignment-i-automarking/students/z5324992/build/reports/tests/test/index.html bin blog.md build build.gradle checkstyle.xml design.drawio.pdf gradle gradlew gradlew.bat README.md src Try: Run with --stacktrace option to get the stack trace. Run with --info or --debug option to get more log output. Run with --scan to get full insights. bin blog.md build build.gradle checkstyle.xml design.drawio.pdf gradle gradlew gradlew.bat README.md src Get more help at https://help.gradle.org BUILD FAILED in 1s

Test 2-16c: Testing file transfer from standard satellite to teleporting
Task2MarkingTests > Testing file transfer from standard satellite to teleporting FAILED org.opentest4j.AssertionFailedError: Unexpected exception thrown: java.lang.IllegalArgumentException: No Entities Found at app//org.junit.jupiter.api.AssertDoesNotThrow.createAssertionFailedError(AssertDoesNotThrow.java:83) at app//org.junit.jupiter.api.AssertDoesNotThrow.assertDoesNotThrow(AssertDoesNotThrow.java:54) at app//org.junit.jupiter.api.AssertDoesNotThrow.assertDoesNotThrow(AssertDoesNotThrow.java:37) at app//org.junit.jupiter.api.Assertions.assertDoesNotThrow(Assertions.java:3135) at app//blackout.Task2MarkingTests.testSatelliteToTeleporting(Task2MarkingTests.java:584) Caused by: java.lang.IllegalArgumentException: No Entities Found at unsw.blackout.BlackoutController.sendFile(BlackoutController.java:164) at blackout.Task2MarkingTests.lambda$testSatelliteToTeleporting$18(Task2MarkingTests.java:584) at org.junit.jupiter.api.AssertDoesNotThrow.assertDoesNotThrow(AssertDoesNotThrow.java:50) ... 3 more FAILURE DONE 1 test completed, 1 failed FAILURE: Build failed with an exception. bin blog.md build build.gradle checkstyle.xml design.drawio.pdf gradle gradlew gradlew.bat README.md src What went wrong: Execution failed for task ':test'. > There were failing tests. See the report at: file:///home/carl/tutoring/23T2/automarking/assignment-i-automarking/students/z5324992/build/reports/tests/test/index.html bin blog.md build build.gradle checkstyle.xml design.drawio.pdf gradle gradlew gradlew.bat README.md src Try: Run with --stacktrace option to get the stack trace. Run with --info or --debug option to get more log output. Run with --scan to get full insights. bin blog.md build build.gradle checkstyle.xml design.drawio.pdf gradle gradlew gradlew.bat README.md src Get more help at https://help.gradle.org BUILD FAILED in 1s

Test 2-17: Test file-sending behaviour of a teleporting satellite after teleportation is as normal
Task2MarkingTests > Test file-sending behaviour of a teleporting satellite after teleportation is as normal FAILED org.opentest4j.AssertionFailedError: expected: <true> but was: <false> at app//org.junit.jupiter.api.AssertionUtils.fail(AssertionUtils.java:55) at app//org.junit.jupiter.api.AssertTrue.assertTrue(AssertTrue.java:40) at app//org.junit.jupiter.api.AssertTrue.assertTrue(AssertTrue.java:35) at app//org.junit.jupiter.api.Assertions.assertTrue(Assertions.java:179) at app//blackout.TestHelpers.assertListAreEqualIgnoringOrder(TestHelpers.java:14) at app//blackout.Task2MarkingTests.testBehaviourAfterTeleportation(Task2MarkingTests.java:612) FAILURE DONE 1 test completed, 1 failed FAILURE: Build failed with an exception. bin blog.md build build.gradle checkstyle.xml design.drawio.pdf gradle gradlew gradlew.bat README.md src What went wrong: Execution failed for task ':test'. > There were failing tests. See the report at: file:///home/carl/tutoring/23T2/automarking/assignment-i-automarking/students/z5324992/build/reports/tests/test/index.html bin blog.md build build.gradle checkstyle.xml design.drawio.pdf gradle gradlew gradlew.bat README.md src Try: Run with --stacktrace option to get the stack trace. Run with --info or --debug option to get more log output. Run with --scan to get full insights. bin blog.md build build.gradle checkstyle.xml design.drawio.pdf gradle gradlew gradlew.bat README.md src Get more help at https://help.gradle.org BUILD FAILED in 1s

Test 2-18: Test entities in range with relay satellites - no movement
Task2MarkingTests > Test entities in range with relay satellites - no movement FAILED org.opentest4j.AssertionFailedError: expected: <true> but was: <false> at app//org.junit.jupiter.api.AssertionUtils.fail(AssertionUtils.java:55) at app//org.junit.jupiter.api.AssertTrue.assertTrue(AssertTrue.java:40) at app//org.junit.jupiter.api.AssertTrue.assertTrue(AssertTrue.java:35) at app//org.junit.jupiter.api.Assertions.assertTrue(Assertions.java:179) at app//blackout.TestHelpers.assertListAreEqualIgnoringOrder(TestHelpers.java:14) at app//blackout.Task2MarkingTests.testHardRelaySatellites(Task2MarkingTests.java:645) FAILURE DONE 1 test completed, 1 failed FAILURE: Build failed with an exception. bin blog.md build build.gradle checkstyle.xml design.drawio.pdf gradle gradlew gradlew.bat README.md src What went wrong: Execution failed for task ':test'. > There were failing tests. See the report at: file:///home/carl/tutoring/23T2/automarking/assignment-i-automarking/students/z5324992/build/reports/tests/test/index.html bin blog.md build build.gradle checkstyle.xml design.drawio.pdf gradle gradlew gradlew.bat README.md src Try: Run with --stacktrace option to get the stack trace. Run with --info or --debug option to get more log output. Run with --scan to get full insights. bin blog.md build build.gradle checkstyle.xml design.drawio.pdf gradle gradlew gradlew.bat README.md src Get more help at https://help.gradle.org BUILD FAILED in 1s

Test 2-19: Test a simple case with recursive relay satellites
Task2MarkingTests > Test a simple case with recursive relay satellites FAILED org.opentest4j.AssertionFailedError: expected: <true> but was: <false> at app//org.junit.jupiter.api.AssertionUtils.fail(AssertionUtils.java:55) at app//org.junit.jupiter.api.AssertTrue.assertTrue(AssertTrue.java:40) at app//org.junit.jupiter.api.AssertTrue.assertTrue(AssertTrue.java:35) at app//org.junit.jupiter.api.Assertions.assertTrue(Assertions.java:179) at app//blackout.TestHelpers.assertListAreEqualIgnoringOrder(TestHelpers.java:14) at app//blackout.Task2MarkingTests.testNestedSatellites(Task2MarkingTests.java:672) FAILURE DONE 1 test completed, 1 failed FAILURE: Build failed with an exception. bin blog.md build build.gradle checkstyle.xml design.drawio.pdf gradle gradlew gradlew.bat README.md src What went wrong: Execution failed for task ':test'. > There were failing tests. See the report at: file:///home/carl/tutoring/23T2/automarking/assignment-i-automarking/students/z5324992/build/reports/tests/test/index.html bin blog.md build build.gradle checkstyle.xml design.drawio.pdf gradle gradlew gradlew.bat README.md src Try: Run with --stacktrace option to get the stack trace. Run with --info or --debug option to get more log output. Run with --scan to get full insights. bin blog.md build build.gradle checkstyle.xml design.drawio.pdf gradle gradlew gradlew.bat README.md src Get more help at https://help.gradle.org BUILD FAILED in 1s

Test 2-20: Test a successful relay file transfer
Task2MarkingTests > Test a successful relay file transfer FAILED org.opentest4j.AssertionFailedError: expected: <true> but was: <false> at app//org.junit.jupiter.api.AssertionUtils.fail(AssertionUtils.java:55) at app//org.junit.jupiter.api.AssertTrue.assertTrue(AssertTrue.java:40) at app//org.junit.jupiter.api.AssertTrue.assertTrue(AssertTrue.java:35) at app//org.junit.jupiter.api.Assertions.assertTrue(Assertions.java:179) at app//blackout.Task2MarkingTests.relaySuccessfulFileTransfer(Task2MarkingTests.java:707) FAILURE DONE 1 test completed, 1 failed FAILURE: Build failed with an exception. bin blog.md build build.gradle checkstyle.xml design.drawio.pdf gradle gradlew gradlew.bat README.md src What went wrong: Execution failed for task ':test'. > There were failing tests. See the report at: file:///home/carl/tutoring/23T2/automarking/assignment-i-automarking/students/z5324992/build/reports/tests/test/index.html bin blog.md build build.gradle checkstyle.xml design.drawio.pdf gradle gradlew gradlew.bat README.md src Try: Run with --stacktrace option to get the stack trace. Run with --info or --debug option to get more log output. Run with --scan to get full insights. bin blog.md build build.gradle checkstyle.xml design.drawio.pdf gradle gradlew gradlew.bat README.md src Get more help at https://help.gradle.org BUILD FAILED in 1s

Test 2-21: Test sending a file from device to a satellite - satellite moves out of range
Task2MarkingTests > Test sending a file from device to a satellite - satellite moves out of range FAILED org.opentest4j.AssertionFailedError: Unexpected exception thrown: java.lang.IllegalArgumentException: No Entities Found at app//org.junit.jupiter.api.AssertDoesNotThrow.createAssertionFailedError(AssertDoesNotThrow.java:83) at app//org.junit.jupiter.api.AssertDoesNotThrow.assertDoesNotThrow(AssertDoesNotThrow.java:54) at app//org.junit.jupiter.api.AssertDoesNotThrow.assertDoesNotThrow(AssertDoesNotThrow.java:37) at app//org.junit.jupiter.api.Assertions.assertDoesNotThrow(Assertions.java:3135) at app//blackout.Task2MarkingTests.outOfRange(Task2MarkingTests.java:729) Caused by: java.lang.IllegalArgumentException: No Entities Found at unsw.blackout.BlackoutController.sendFile(BlackoutController.java:164) at blackout.Task2MarkingTests.lambda$outOfRange$22(Task2MarkingTests.java:729) at org.junit.jupiter.api.AssertDoesNotThrow.assertDoesNotThrow(AssertDoesNotThrow.java:50) ... 3 more FAILURE DONE 1 test completed, 1 failed FAILURE: Build failed with an exception. bin blog.md build build.gradle checkstyle.xml design.drawio.pdf gradle gradlew gradlew.bat README.md src What went wrong: Execution failed for task ':test'. > There were failing tests. See the report at: file:///home/carl/tutoring/23T2/automarking/assignment-i-automarking/students/z5324992/build/reports/tests/test/index.html bin blog.md build build.gradle checkstyle.xml design.drawio.pdf gradle gradlew gradlew.bat README.md src Try: Run with --stacktrace option to get the stack trace. Run with --info or --debug option to get more log output. Run with --scan to get full insights. bin blog.md build build.gradle checkstyle.xml design.drawio.pdf gradle gradlew gradlew.bat README.md src Get more help at https://help.gradle.org BUILD FAILED in 1s

Test 2-22: Test sending a file from a satellite to a device - satellite moves out of range
Task2MarkingTests > Test sending a file from a satellite to a device - satellite moves out of range FAILED org.opentest4j.AssertionFailedError: Unexpected exception thrown: java.lang.IllegalArgumentException: No Entities Found at app//org.junit.jupiter.api.AssertDoesNotThrow.createAssertionFailedError(AssertDoesNotThrow.java:83) at app//org.junit.jupiter.api.AssertDoesNotThrow.assertDoesNotThrow(AssertDoesNotThrow.java:54) at app//org.junit.jupiter.api.AssertDoesNotThrow.assertDoesNotThrow(AssertDoesNotThrow.java:37) at app//org.junit.jupiter.api.Assertions.assertDoesNotThrow(Assertions.java:3135) at app//blackout.Task2MarkingTests.outOfRange2(Task2MarkingTests.java:746) Caused by: java.lang.IllegalArgumentException: No Entities Found at unsw.blackout.BlackoutController.sendFile(BlackoutController.java:164) at blackout.Task2MarkingTests.lambda$outOfRange2$23(Task2MarkingTests.java:746) at org.junit.jupiter.api.AssertDoesNotThrow.assertDoesNotThrow(AssertDoesNotThrow.java:50) ... 3 more FAILURE DONE 1 test completed, 1 failed FAILURE: Build failed with an exception. bin blog.md build build.gradle checkstyle.xml design.drawio.pdf gradle gradlew gradlew.bat README.md src What went wrong: Execution failed for task ':test'. > There were failing tests. See the report at: file:///home/carl/tutoring/23T2/automarking/assignment-i-automarking/students/z5324992/build/reports/tests/test/index.html bin blog.md build build.gradle checkstyle.xml design.drawio.pdf gradle gradlew gradlew.bat README.md src Try: Run with --stacktrace option to get the stack trace. Run with --info or --debug option to get more log output. Run with --scan to get full insights. bin blog.md build build.gradle checkstyle.xml design.drawio.pdf gradle gradlew gradlew.bat README.md src Get more help at https://help.gradle.org BUILD FAILED in 1s

Test 2-23: Test file not found exception
Task2MarkingTests > Test file not found exception FAILED org.opentest4j.AssertionFailedError: Unexpected exception thrown: java.lang.IllegalArgumentException: No Entities Found at app//org.junit.jupiter.api.AssertDoesNotThrow.createAssertionFailedError(AssertDoesNotThrow.java:83) at app//org.junit.jupiter.api.AssertDoesNotThrow.assertDoesNotThrow(AssertDoesNotThrow.java:54) at app//org.junit.jupiter.api.AssertDoesNotThrow.assertDoesNotThrow(AssertDoesNotThrow.java:37) at app//org.junit.jupiter.api.Assertions.assertDoesNotThrow(Assertions.java:3135) at app//blackout.Task2MarkingTests.fileNotFound(Task2MarkingTests.java:766) Caused by: java.lang.IllegalArgumentException: No Entities Found at unsw.blackout.BlackoutController.sendFile(BlackoutController.java:164) at blackout.Task2MarkingTests.lambda$fileNotFound$25(Task2MarkingTests.java:766) at org.junit.jupiter.api.AssertDoesNotThrow.assertDoesNotThrow(AssertDoesNotThrow.java:50) ... 3 more FAILURE DONE 1 test completed, 1 failed FAILURE: Build failed with an exception. bin blog.md build build.gradle checkstyle.xml design.drawio.pdf gradle gradlew gradlew.bat README.md src What went wrong: Execution failed for task ':test'. > There were failing tests. See the report at: file:///home/carl/tutoring/23T2/automarking/assignment-i-automarking/students/z5324992/build/reports/tests/test/index.html bin blog.md build build.gradle checkstyle.xml design.drawio.pdf gradle gradlew gradlew.bat README.md src Try: Run with --stacktrace option to get the stack trace. Run with --info or --debug option to get more log output. Run with --scan to get full insights. bin blog.md build build.gradle checkstyle.xml design.drawio.pdf gradle gradlew gradlew.bat README.md src Get more help at https://help.gradle.org BUILD FAILED in 1s

Test 2-24: Test file already exists exception
Task2MarkingTests > Test file already exists exception FAILED org.opentest4j.AssertionFailedError: Unexpected exception thrown: java.lang.IllegalArgumentException: No Entities Found at app//org.junit.jupiter.api.AssertDoesNotThrow.createAssertionFailedError(AssertDoesNotThrow.java:83) at app//org.junit.jupiter.api.AssertDoesNotThrow.assertDoesNotThrow(AssertDoesNotThrow.java:54) at app//org.junit.jupiter.api.AssertDoesNotThrow.assertDoesNotThrow(AssertDoesNotThrow.java:37) at app//org.junit.jupiter.api.Assertions.assertDoesNotThrow(Assertions.java:3135) at app//blackout.Task2MarkingTests.fileAlreadyExists(Task2MarkingTests.java:781) Caused by: java.lang.IllegalArgumentException: No Entities Found at unsw.blackout.BlackoutController.sendFile(BlackoutController.java:164) at blackout.Task2MarkingTests.lambda$fileAlreadyExists$27(Task2MarkingTests.java:781) at org.junit.jupiter.api.AssertDoesNotThrow.assertDoesNotThrow(AssertDoesNotThrow.java:50) ... 3 more FAILURE DONE 1 test completed, 1 failed FAILURE: Build failed with an exception. bin blog.md build build.gradle checkstyle.xml design.drawio.pdf gradle gradlew gradlew.bat README.md src What went wrong: Execution failed for task ':test'. > There were failing tests. See the report at: file:///home/carl/tutoring/23T2/automarking/assignment-i-automarking/students/z5324992/build/reports/tests/test/index.html bin blog.md build build.gradle checkstyle.xml design.drawio.pdf gradle gradlew gradlew.bat README.md src Try: Run with --stacktrace option to get the stack trace. Run with --info or --debug option to get more log output. Run with --scan to get full insights. bin blog.md build build.gradle checkstyle.xml design.drawio.pdf gradle gradlew gradlew.bat README.md src Get more help at https://help.gradle.org BUILD FAILED in 1s

Test 2-25: Test no bandwidth exception
Task2MarkingTests > Test no bandwidth exception FAILED org.opentest4j.AssertionFailedError: Unexpected exception thrown: java.lang.IllegalArgumentException: No Entities Found at app//org.junit.jupiter.api.AssertDoesNotThrow.createAssertionFailedError(AssertDoesNotThrow.java:83) at app//org.junit.jupiter.api.AssertDoesNotThrow.assertDoesNotThrow(AssertDoesNotThrow.java:54) at app//org.junit.jupiter.api.AssertDoesNotThrow.assertDoesNotThrow(AssertDoesNotThrow.java:37) at app//org.junit.jupiter.api.Assertions.assertDoesNotThrow(Assertions.java:3135) at app//blackout.Task2MarkingTests.checkBandwidth(Task2MarkingTests.java:797) Caused by: java.lang.IllegalArgumentException: No Entities Found at unsw.blackout.BlackoutController.sendFile(BlackoutController.java:164) at blackout.Task2MarkingTests.lambda$checkBandwidth$29(Task2MarkingTests.java:797) at org.junit.jupiter.api.AssertDoesNotThrow.assertDoesNotThrow(AssertDoesNotThrow.java:50) ... 3 more FAILURE DONE 1 test completed, 1 failed FAILURE: Build failed with an exception. bin blog.md build build.gradle checkstyle.xml design.drawio.pdf gradle gradlew gradlew.bat README.md src What went wrong: Execution failed for task ':test'. > There were failing tests. See the report at: file:///home/carl/tutoring/23T2/automarking/assignment-i-automarking/students/z5324992/build/reports/tests/test/index.html bin blog.md build build.gradle checkstyle.xml design.drawio.pdf gradle gradlew gradlew.bat README.md src Try: Run with --stacktrace option to get the stack trace. Run with --info or --debug option to get more log output. Run with --scan to get full insights. bin blog.md build build.gradle checkstyle.xml design.drawio.pdf gradle gradlew gradlew.bat README.md src Get more help at https://help.gradle.org BUILD FAILED in 1s

Test 2-26: Test max out storage space on satellite
Task2MarkingTests > Test max out storage space on satellite FAILED org.opentest4j.AssertionFailedError: Unexpected exception thrown: java.lang.IllegalArgumentException: No Entities Found at app//org.junit.jupiter.api.AssertDoesNotThrow.createAssertionFailedError(AssertDoesNotThrow.java:83) at app//org.junit.jupiter.api.AssertDoesNotThrow.assertDoesNotThrow(AssertDoesNotThrow.java:54) at app//org.junit.jupiter.api.AssertDoesNotThrow.assertDoesNotThrow(AssertDoesNotThrow.java:37) at app//org.junit.jupiter.api.Assertions.assertDoesNotThrow(Assertions.java:3135) at app//blackout.Task2MarkingTests.testFileNoStorageException(Task2MarkingTests.java:814) Caused by: java.lang.IllegalArgumentException: No Entities Found at unsw.blackout.BlackoutController.sendFile(BlackoutController.java:164) at blackout.Task2MarkingTests.lambda$testFileNoStorageException$31(Task2MarkingTests.java:814) at org.junit.jupiter.api.AssertDoesNotThrow.assertDoesNotThrow(AssertDoesNotThrow.java:50) ... 3 more FAILURE DONE 1 test completed, 1 failed FAILURE: Build failed with an exception. bin blog.md build build.gradle checkstyle.xml design.drawio.pdf gradle gradlew gradlew.bat README.md src What went wrong: Execution failed for task ':test'. > There were failing tests. See the report at: file:///home/carl/tutoring/23T2/automarking/assignment-i-automarking/students/z5324992/build/reports/tests/test/index.html bin blog.md build build.gradle checkstyle.xml design.drawio.pdf gradle gradlew gradlew.bat README.md src Try: Run with --stacktrace option to get the stack trace. Run with --info or --debug option to get more log output. Run with --scan to get full insights. bin blog.md build build.gradle checkstyle.xml design.drawio.pdf gradle gradlew gradlew.bat README.md src Get more help at https://help.gradle.org BUILD FAILED in 1s

Test 3-1: Testing a moving device moving in a circle
Task3MarkingTests > Testing a moving device moving in a circle FAILED org.opentest4j.AssertionFailedError: expected: <EntityInfoResponse [files={}, height=69911.0, id=Device1, positionRadians=0.05724679946541401, positionDegrees=3.28, type=DesktopDevice]> but was: <EntityInfoResponse [files={}, height=69911.0, id=Device1, positionRadians=0.0, positionDegrees=0.0, type=DesktopDevice]> at app//org.junit.jupiter.api.AssertionUtils.fail(AssertionUtils.java:55) at app//org.junit.jupiter.api.AssertionUtils.failNotEqual(AssertionUtils.java:62) at app//org.junit.jupiter.api.AssertEquals.assertEquals(AssertEquals.java:182) at app//org.junit.jupiter.api.AssertEquals.assertEquals(AssertEquals.java:177) at app//org.junit.jupiter.api.Assertions.assertEquals(Assertions.java:1141) at app//blackout.Task3MarkingTests.testMovingDevicesBasicMovement(Task3MarkingTests.java:36) FAILURE DONE 1 test completed, 1 failed FAILURE: Build failed with an exception. bin blog.md build build.gradle checkstyle.xml design.drawio.pdf gradle gradlew gradlew.bat README.md src What went wrong: Execution failed for task ':test'. > There were failing tests. See the report at: file:///home/carl/tutoring/23T2/automarking/assignment-i-automarking/students/z5324992/build/reports/tests/test/index.html bin blog.md build build.gradle checkstyle.xml design.drawio.pdf gradle gradlew gradlew.bat README.md src Try: Run with --stacktrace option to get the stack trace. Run with --info or --debug option to get more log output. Run with --scan to get full insights. bin blog.md build build.gradle checkstyle.xml design.drawio.pdf gradle gradlew gradlew.bat README.md src Get more help at https://help.gradle.org BUILD FAILED in 1s

Test 3-2: Testing moving devices can still send or receive files
Task3MarkingTests > Testing moving devices can still send or receive files FAILED org.opentest4j.AssertionFailedError: Unexpected exception thrown: java.lang.IllegalArgumentException: No Entities Found at app//org.junit.jupiter.api.AssertDoesNotThrow.createAssertionFailedError(AssertDoesNotThrow.java:83) at app//org.junit.jupiter.api.AssertDoesNotThrow.assertDoesNotThrow(AssertDoesNotThrow.java:54) at app//org.junit.jupiter.api.AssertDoesNotThrow.assertDoesNotThrow(AssertDoesNotThrow.java:37) at app//org.junit.jupiter.api.Assertions.assertDoesNotThrow(Assertions.java:3135) at app//blackout.Task3MarkingTests.testMovingDevicesFileSending(Task3MarkingTests.java:68) Caused by: java.lang.IllegalArgumentException: No Entities Found at unsw.blackout.BlackoutController.sendFile(BlackoutController.java:164) at blackout.Task3MarkingTests.lambda$testMovingDevicesFileSending$0(Task3MarkingTests.java:68) at org.junit.jupiter.api.AssertDoesNotThrow.assertDoesNotThrow(AssertDoesNotThrow.java:50) ... 3 more FAILURE DONE 1 test completed, 1 failed FAILURE: Build failed with an exception. bin blog.md build build.gradle checkstyle.xml design.drawio.pdf gradle gradlew gradlew.bat README.md src What went wrong: Execution failed for task ':test'. > There were failing tests. See the report at: file:///home/carl/tutoring/23T2/automarking/assignment-i-automarking/students/z5324992/build/reports/tests/test/index.html bin blog.md build build.gradle checkstyle.xml design.drawio.pdf gradle gradlew gradlew.bat README.md src Try: Run with --stacktrace option to get the stack trace. Run with --info or --debug option to get more log output. Run with --scan to get full insights. bin blog.md build build.gradle checkstyle.xml design.drawio.pdf gradle gradlew gradlew.bat README.md src Get more help at https://help.gradle.org BUILD FAILED in 1s

Test 3-3: Test creating different types of moving devices
Task3MarkingTests > Test creating different types of moving devices FAILED org.opentest4j.AssertionFailedError: expected: <EntityInfoResponse [files={}, height=69911.0, id=Device1, positionRadians=0.05724679946541401, positionDegrees=3.28, type=DesktopDevice]> but was: <EntityInfoResponse [files={}, height=69911.0, id=Device1, positionRadians=0.0, positionDegrees=0.0, type=DesktopDevice]> at app//org.junit.jupiter.api.AssertionUtils.fail(AssertionUtils.java:55) at app//org.junit.jupiter.api.AssertionUtils.failNotEqual(AssertionUtils.java:62) at app//org.junit.jupiter.api.AssertEquals.assertEquals(AssertEquals.java:182) at app//org.junit.jupiter.api.AssertEquals.assertEquals(AssertEquals.java:177) at app//org.junit.jupiter.api.Assertions.assertEquals(Assertions.java:1141) at app//blackout.Task3MarkingTests.testMovingDevicesBasicMovement2(Task3MarkingTests.java:88) FAILURE DONE 1 test completed, 1 failed FAILURE: Build failed with an exception. bin blog.md build build.gradle checkstyle.xml design.drawio.pdf gradle gradlew gradlew.bat README.md src What went wrong: Execution failed for task ':test'. > There were failing tests. See the report at: file:///home/carl/tutoring/23T2/automarking/assignment-i-automarking/students/z5324992/build/reports/tests/test/index.html bin blog.md build build.gradle checkstyle.xml design.drawio.pdf gradle gradlew gradlew.bat README.md src Try: Run with --stacktrace option to get the stack trace. Run with --info or --debug option to get more log output. Run with --scan to get full insights. bin blog.md build build.gradle checkstyle.xml design.drawio.pdf gradle gradlew gradlew.bat README.md src Get more help at https://help.gradle.org BUILD FAILED in 1s

Test 3-4: Testing moving device behaviour on one slope and back to default slope
Task3MarkingTests > Testing moving device behaviour on one slope and back to default slope FAILED org.opentest4j.AssertionFailedError: expected: <0.0> but was: <20.0> at app//org.junit.jupiter.api.AssertionUtils.fail(AssertionUtils.java:55) at app//org.junit.jupiter.api.AssertionUtils.failNotEqual(AssertionUtils.java:62) at app//org.junit.jupiter.api.AssertEquals.assertEquals(AssertEquals.java:86) at app//org.junit.jupiter.api.AssertEquals.assertEquals(AssertEquals.java:81) at app//org.junit.jupiter.api.Assertions.assertEquals(Assertions.java:1010) at app//blackout.Task3MarkingTests.testMovingDeviceOnOneSlope(Task3MarkingTests.java:115) FAILURE DONE 1 test completed, 1 failed FAILURE: Build failed with an exception. bin blog.md build build.gradle checkstyle.xml design.drawio.pdf gradle gradlew gradlew.bat README.md src What went wrong: Execution failed for task ':test'. > There were failing tests. See the report at: file:///home/carl/tutoring/23T2/automarking/assignment-i-automarking/students/z5324992/build/reports/tests/test/index.html bin blog.md build build.gradle checkstyle.xml design.drawio.pdf gradle gradlew gradlew.bat README.md src Try: Run with --stacktrace option to get the stack trace. Run with --info or --debug option to get more log output. Run with --scan to get full insights. bin blog.md build build.gradle checkstyle.xml design.drawio.pdf gradle gradlew gradlew.bat README.md src Get more help at https://help.gradle.org BUILD FAILED in 1s

Test 3-5: Test moving device behaviour on multiple slopes - example from the spec
Task3MarkingTests > Test moving device behaviour on multiple slopes - example from the spec FAILED org.opentest4j.AssertionFailedError: expected: <0.0> but was: <10.0> at app//org.junit.jupiter.api.AssertionUtils.fail(AssertionUtils.java:55) at app//org.junit.jupiter.api.AssertionUtils.failNotEqual(AssertionUtils.java:62) at app//org.junit.jupiter.api.AssertEquals.assertEquals(AssertEquals.java:86) at app//org.junit.jupiter.api.AssertEquals.assertEquals(AssertEquals.java:81) at app//org.junit.jupiter.api.Assertions.assertEquals(Assertions.java:1010) at app//blackout.Task3MarkingTests.testMovingDeviceOnMultipleSlopes(Task3MarkingTests.java:134) FAILURE DONE 1 test completed, 1 failed FAILURE: Build failed with an exception. bin blog.md build build.gradle checkstyle.xml design.drawio.pdf gradle gradlew gradlew.bat README.md src What went wrong: Execution failed for task ':test'. > There were failing tests. See the report at: file:///home/carl/tutoring/23T2/automarking/assignment-i-automarking/students/z5324992/build/reports/tests/test/index.html bin blog.md build build.gradle checkstyle.xml design.drawio.pdf gradle gradlew gradlew.bat README.md src Try: Run with --stacktrace option to get the stack trace. Run with --info or --debug option to get more log output. Run with --scan to get full insights. bin blog.md build build.gradle checkstyle.xml design.drawio.pdf gradle gradlew gradlew.bat README.md src Get more help at https://help.gradle.org BUILD FAILED in 1s

Test 3-6: Test moving devices have consistent behaviour on slopes after circumnavigating the planet
Task3MarkingTests > Test moving devices have consistent behaviour on slopes after circumnavigating the planet FAILED org.opentest4j.AssertionFailedError: expected: <0.0> but was: <10.0> at app//org.junit.jupiter.api.AssertionUtils.fail(AssertionUtils.java:55) at app//org.junit.jupiter.api.AssertionUtils.failNotEqual(AssertionUtils.java:62) at app//org.junit.jupiter.api.AssertEquals.assertEquals(AssertEquals.java:86) at app//org.junit.jupiter.api.AssertEquals.assertEquals(AssertEquals.java:81) at app//org.junit.jupiter.api.Assertions.assertEquals(Assertions.java:1010) at app//blackout.Task3MarkingTests.testMovingDeviceAroundTheWorld(Task3MarkingTests.java:160) FAILURE DONE 1 test completed, 1 failed FAILURE: Build failed with an exception. bin blog.md build build.gradle checkstyle.xml design.drawio.pdf gradle gradlew gradlew.bat README.md src What went wrong: Execution failed for task ':test'. > There were failing tests. See the report at: file:///home/carl/tutoring/23T2/automarking/assignment-i-automarking/students/z5324992/build/reports/tests/test/index.html bin blog.md build build.gradle checkstyle.xml design.drawio.pdf gradle gradlew gradlew.bat README.md src Try: Run with --stacktrace option to get the stack trace. Run with --info or --debug option to get more log output. Run with --scan to get full insights. bin blog.md build build.gradle checkstyle.xml design.drawio.pdf gradle gradlew gradlew.bat README.md src Get more help at https://help.gradle.org BUILD FAILED in 1s

Test 3-7: Test moving devices on multiple slopes with jumping on slopes
Task3MarkingTests > Test moving devices on multiple slopes with jumping on slopes FAILED org.opentest4j.AssertionFailedError: expected: <0.0> but was: <5.0> at app//org.junit.jupiter.api.AssertionUtils.fail(AssertionUtils.java:55) at app//org.junit.jupiter.api.AssertionUtils.failNotEqual(AssertionUtils.java:62) at app//org.junit.jupiter.api.AssertEquals.assertEquals(AssertEquals.java:86) at app//org.junit.jupiter.api.AssertEquals.assertEquals(AssertEquals.java:81) at app//org.junit.jupiter.api.Assertions.assertEquals(Assertions.java:1010) at app//blackout.Task3MarkingTests.testMovingDeviceMultipleSlopes(Task3MarkingTests.java:184) FAILURE DONE 1 test completed, 1 failed FAILURE: Build failed with an exception. bin blog.md build build.gradle checkstyle.xml design.drawio.pdf gradle gradlew gradlew.bat README.md src What went wrong: Execution failed for task ':test'. > There were failing tests. See the report at: file:///home/carl/tutoring/23T2/automarking/assignment-i-automarking/students/z5324992/build/reports/tests/test/index.html bin blog.md build build.gradle checkstyle.xml design.drawio.pdf gradle gradlew gradlew.bat README.md src Try: Run with --stacktrace option to get the stack trace. Run with --info or --debug option to get more log output. Run with --scan to get full insights. bin blog.md build build.gradle checkstyle.xml design.drawio.pdf gradle gradlew gradlew.bat README.md src Get more help at https://help.gradle.org BUILD FAILED in 1s

Test 3-8: Test departing Jupiter with postive gradient and land on Jupiter with two negative slopes
Task3MarkingTests > Test departing Jupiter with postive gradient and land on Jupiter with two negative slopes FAILED org.opentest4j.AssertionFailedError: expected: <0.0> but was: <14.0> at app//org.junit.jupiter.api.AssertionUtils.fail(AssertionUtils.java:55) at app//org.junit.jupiter.api.AssertionUtils.failNotEqual(AssertionUtils.java:62) at app//org.junit.jupiter.api.AssertEquals.assertEquals(AssertEquals.java:86) at app//org.junit.jupiter.api.AssertEquals.assertEquals(AssertEquals.java:81) at app//org.junit.jupiter.api.Assertions.assertEquals(Assertions.java:1010) at app//blackout.Task3MarkingTests.testMovingDeviceDoubleNegative(Task3MarkingTests.java:217) FAILURE DONE 1 test completed, 1 failed FAILURE: Build failed with an exception. bin blog.md build build.gradle checkstyle.xml design.drawio.pdf gradle gradlew gradlew.bat README.md src What went wrong: Execution failed for task ':test'. > There were failing tests. See the report at: file:///home/carl/tutoring/23T2/automarking/assignment-i-automarking/students/z5324992/build/reports/tests/test/index.html bin blog.md build build.gradle checkstyle.xml design.drawio.pdf gradle gradlew gradlew.bat README.md src Try: Run with --stacktrace option to get the stack trace. Run with --info or --debug option to get more log output. Run with --scan to get full insights. bin blog.md build build.gradle checkstyle.xml design.drawio.pdf gradle gradlew gradlew.bat README.md src Get more help at https://help.gradle.org BUILD FAILED in 1s

Test 3-9: Test overlapping slope drop to inner slope at the end of outer slope
Task3MarkingTests > Test overlapping slope drop to inner slope at the end of outer slope FAILED org.opentest4j.AssertionFailedError: expected: <0.0> but was: <78.15> at app//org.junit.jupiter.api.AssertionUtils.fail(AssertionUtils.java:55) at app//org.junit.jupiter.api.AssertionUtils.failNotEqual(AssertionUtils.java:62) at app//org.junit.jupiter.api.AssertEquals.assertEquals(AssertEquals.java:86) at app//org.junit.jupiter.api.AssertEquals.assertEquals(AssertEquals.java:81) at app//org.junit.jupiter.api.Assertions.assertEquals(Assertions.java:1010) at app//blackout.Task3MarkingTests.testMovingDeviceTwoSlopes(Task3MarkingTests.java:243) FAILURE DONE 1 test completed, 1 failed FAILURE: Build failed with an exception. bin blog.md build build.gradle checkstyle.xml design.drawio.pdf gradle gradlew gradlew.bat README.md src What went wrong: Execution failed for task ':test'. > There were failing tests. See the report at: file:///home/carl/tutoring/23T2/automarking/assignment-i-automarking/students/z5324992/build/reports/tests/test/index.html bin blog.md build build.gradle checkstyle.xml design.drawio.pdf gradle gradlew gradlew.bat README.md src Try: Run with --stacktrace option to get the stack trace. Run with --info or --debug option to get more log output. Run with --scan to get full insights. bin blog.md build build.gradle checkstyle.xml design.drawio.pdf gradle gradlew gradlew.bat README.md src Get more help at https://help.gradle.org BUILD FAILED in 1s

Test 3-10: Testing the basic characteristics of an elephant satellite
SUCCESS DONE

Test 3-11: Testing the basic support and range
SUCCESS DONE

Test 3-12: Simple Transient Case; no deletions needed
Task3MarkingTests > Simple Transient Case, no deletions needed FAILED org.opentest4j.AssertionFailedError: Unexpected exception thrown: java.lang.IllegalArgumentException: No Entities Found at app//org.junit.jupiter.api.AssertDoesNotThrow.createAssertionFailedError(AssertDoesNotThrow.java:83) at app//org.junit.jupiter.api.AssertDoesNotThrow.assertDoesNotThrow(AssertDoesNotThrow.java:54) at app//org.junit.jupiter.api.AssertDoesNotThrow.assertDoesNotThrow(AssertDoesNotThrow.java:37) at app//org.junit.jupiter.api.Assertions.assertDoesNotThrow(Assertions.java:3135) at app//blackout.Task3MarkingTests.testSimpleTransient(Task3MarkingTests.java:303) Caused by: java.lang.IllegalArgumentException: No Entities Found at unsw.blackout.BlackoutController.sendFile(BlackoutController.java:164) at blackout.Task3MarkingTests.lambda$testSimpleTransient$1(Task3MarkingTests.java:303) at org.junit.jupiter.api.AssertDoesNotThrow.assertDoesNotThrow(AssertDoesNotThrow.java:50) ... 3 more FAILURE DONE 1 test completed, 1 failed FAILURE: Build failed with an exception. bin blog.md build build.gradle checkstyle.xml design.drawio.pdf gradle gradlew gradlew.bat README.md src What went wrong: Execution failed for task ':test'. > There were failing tests. See the report at: file:///home/carl/tutoring/23T2/automarking/assignment-i-automarking/students/z5324992/build/reports/tests/test/index.html bin blog.md build build.gradle checkstyle.xml design.drawio.pdf gradle gradlew gradlew.bat README.md src Try: Run with --stacktrace option to get the stack trace. Run with --info or --debug option to get more log output. Run with --scan to get full insights. bin blog.md build build.gradle checkstyle.xml design.drawio.pdf gradle gradlew gradlew.bat README.md src Get more help at https://help.gradle.org BUILD FAILED in 1s

Test 3-13: Simple Transient Case with enough space; no deletion
Task3MarkingTests > Simple Transient Case with enough space, no deletion FAILED org.opentest4j.AssertionFailedError: Unexpected exception thrown: java.lang.IllegalArgumentException: No Entities Found at app//org.junit.jupiter.api.AssertDoesNotThrow.createAssertionFailedError(AssertDoesNotThrow.java:83) at app//org.junit.jupiter.api.AssertDoesNotThrow.assertDoesNotThrow(AssertDoesNotThrow.java:54) at app//org.junit.jupiter.api.AssertDoesNotThrow.assertDoesNotThrow(AssertDoesNotThrow.java:37) at app//org.junit.jupiter.api.Assertions.assertDoesNotThrow(Assertions.java:3135) at app//blackout.Task3MarkingTests.testSimpleTransientNewFile(Task3MarkingTests.java:342) Caused by: java.lang.IllegalArgumentException: No Entities Found at unsw.blackout.BlackoutController.sendFile(BlackoutController.java:164) at blackout.Task3MarkingTests.lambda$testSimpleTransientNewFile$2(Task3MarkingTests.java:342) at org.junit.jupiter.api.AssertDoesNotThrow.assertDoesNotThrow(AssertDoesNotThrow.java:50) ... 3 more FAILURE DONE 1 test completed, 1 failed FAILURE: Build failed with an exception. bin blog.md build build.gradle checkstyle.xml design.drawio.pdf gradle gradlew gradlew.bat README.md src What went wrong: Execution failed for task ':test'. > There were failing tests. See the report at: file:///home/carl/tutoring/23T2/automarking/assignment-i-automarking/students/z5324992/build/reports/tests/test/index.html bin blog.md build build.gradle checkstyle.xml design.drawio.pdf gradle gradlew gradlew.bat README.md src Try: Run with --stacktrace option to get the stack trace. Run with --info or --debug option to get more log output. Run with --scan to get full insights. bin blog.md build build.gradle checkstyle.xml design.drawio.pdf gradle gradlew gradlew.bat README.md src Get more help at https://help.gradle.org BUILD FAILED in 1s

Test 3-14: Simple Transient Case; only one deletion
Task3MarkingTests > Simple Transient Case, only one deletion FAILED org.opentest4j.AssertionFailedError: Unexpected exception thrown: java.lang.IllegalArgumentException: No Entities Found at app//org.junit.jupiter.api.AssertDoesNotThrow.createAssertionFailedError(AssertDoesNotThrow.java:83) at app//org.junit.jupiter.api.AssertDoesNotThrow.assertDoesNotThrow(AssertDoesNotThrow.java:54) at app//org.junit.jupiter.api.AssertDoesNotThrow.assertDoesNotThrow(AssertDoesNotThrow.java:37) at app//org.junit.jupiter.api.Assertions.assertDoesNotThrow(Assertions.java:3135) at app//blackout.Task3MarkingTests.testElephantDeletion(Task3MarkingTests.java:393) Caused by: java.lang.IllegalArgumentException: No Entities Found at unsw.blackout.BlackoutController.sendFile(BlackoutController.java:164) at blackout.Task3MarkingTests.lambda$testElephantDeletion$4(Task3MarkingTests.java:393) at org.junit.jupiter.api.AssertDoesNotThrow.assertDoesNotThrow(AssertDoesNotThrow.java:50) ... 3 more FAILURE DONE 1 test completed, 1 failed FAILURE: Build failed with an exception. bin blog.md build build.gradle checkstyle.xml design.drawio.pdf gradle gradlew gradlew.bat README.md src What went wrong: Execution failed for task ':test'. > There were failing tests. See the report at: file:///home/carl/tutoring/23T2/automarking/assignment-i-automarking/students/z5324992/build/reports/tests/test/index.html bin blog.md build build.gradle checkstyle.xml design.drawio.pdf gradle gradlew gradlew.bat README.md src Try: Run with --stacktrace option to get the stack trace. Run with --info or --debug option to get more log output. Run with --scan to get full insights. bin blog.md build build.gradle checkstyle.xml design.drawio.pdf gradle gradlew gradlew.bat README.md src Get more help at https://help.gradle.org BUILD FAILED in 1s

Test 3-15: Transient Case; multiple deletions to finish download (good brute force case)
Task3MarkingTests > Transient Case, multiple deletions to finish download (good brute force case) FAILED org.opentest4j.AssertionFailedError: Unexpected exception thrown: java.lang.IllegalArgumentException: No Entities Found at app//org.junit.jupiter.api.AssertDoesNotThrow.createAssertionFailedError(AssertDoesNotThrow.java:83) at app//org.junit.jupiter.api.AssertDoesNotThrow.assertDoesNotThrow(AssertDoesNotThrow.java:54) at app//org.junit.jupiter.api.AssertDoesNotThrow.assertDoesNotThrow(AssertDoesNotThrow.java:37) at app//org.junit.jupiter.api.Assertions.assertDoesNotThrow(Assertions.java:3135) at app//blackout.Task3MarkingTests.testElephantCase(Task3MarkingTests.java:457) Caused by: java.lang.IllegalArgumentException: No Entities Found at unsw.blackout.BlackoutController.sendFile(BlackoutController.java:164) at blackout.Task3MarkingTests.lambda$testElephantCase$6(Task3MarkingTests.java:457) at org.junit.jupiter.api.AssertDoesNotThrow.assertDoesNotThrow(AssertDoesNotThrow.java:50) ... 3 more FAILURE DONE 1 test completed, 1 failed FAILURE: Build failed with an exception. bin blog.md build build.gradle checkstyle.xml design.drawio.pdf gradle gradlew gradlew.bat README.md src What went wrong: Execution failed for task ':test'. > There were failing tests. See the report at: file:///home/carl/tutoring/23T2/automarking/assignment-i-automarking/students/z5324992/build/reports/tests/test/index.html bin blog.md build build.gradle checkstyle.xml design.drawio.pdf gradle gradlew gradlew.bat README.md src Try: Run with --stacktrace option to get the stack trace. Run with --info or --debug option to get more log output. Run with --scan to get full insights. bin blog.md build build.gradle checkstyle.xml design.drawio.pdf gradle gradlew gradlew.bat README.md src Get more help at https://help.gradle.org BUILD FAILED in 1s

Test 3-16: File transience do not occur for files that are outgoing
Task3MarkingTests > File transience do not occur for files that are outgoing FAILED org.opentest4j.AssertionFailedError: Unexpected exception thrown: java.lang.IllegalArgumentException: No Entities Found at app//org.junit.jupiter.api.AssertDoesNotThrow.createAssertionFailedError(AssertDoesNotThrow.java:83) at app//org.junit.jupiter.api.AssertDoesNotThrow.assertDoesNotThrow(AssertDoesNotThrow.java:54) at app//org.junit.jupiter.api.AssertDoesNotThrow.assertDoesNotThrow(AssertDoesNotThrow.java:37) at app//org.junit.jupiter.api.Assertions.assertDoesNotThrow(Assertions.java:3135) at app//blackout.Task3MarkingTests.testElephantOut(Task3MarkingTests.java:509) Caused by: java.lang.IllegalArgumentException: No Entities Found at unsw.blackout.BlackoutController.sendFile(BlackoutController.java:164) at blackout.Task3MarkingTests.lambda$testElephantOut$10(Task3MarkingTests.java:509) at org.junit.jupiter.api.AssertDoesNotThrow.assertDoesNotThrow(AssertDoesNotThrow.java:50) ... 3 more FAILURE DONE 1 test completed, 1 failed FAILURE: Build failed with an exception. bin blog.md build build.gradle checkstyle.xml design.drawio.pdf gradle gradlew gradlew.bat README.md src What went wrong: Execution failed for task ':test'. > There were failing tests. See the report at: file:///home/carl/tutoring/23T2/automarking/assignment-i-automarking/students/z5324992/build/reports/tests/test/index.html bin blog.md build build.gradle checkstyle.xml design.drawio.pdf gradle gradlew gradlew.bat README.md src Try: Run with --stacktrace option to get the stack trace. Run with --info or --debug option to get more log output. Run with --scan to get full insights. bin blog.md build build.gradle checkstyle.xml design.drawio.pdf gradle gradlew gradlew.bat README.md src Get more help at https://help.gradle.org BUILD FAILED in 1s

Test 3-17: Simple KnapSack test case
Task3MarkingTests > Simple KnapSack test case, weight = [15,20,25,10], value = [10,15,20,05], remove file 2 and 4 FAILED org.opentest4j.AssertionFailedError: Unexpected exception thrown: java.lang.IllegalArgumentException: No Entities Found at app//org.junit.jupiter.api.AssertDoesNotThrow.createAssertionFailedError(AssertDoesNotThrow.java:83) at app//org.junit.jupiter.api.AssertDoesNotThrow.assertDoesNotThrow(AssertDoesNotThrow.java:54) at app//org.junit.jupiter.api.AssertDoesNotThrow.assertDoesNotThrow(AssertDoesNotThrow.java:37) at app//org.junit.jupiter.api.Assertions.assertDoesNotThrow(Assertions.java:3135) at app//blackout.Task3MarkingTests.testKnapSack(Task3MarkingTests.java:558) Caused by: java.lang.IllegalArgumentException: No Entities Found at unsw.blackout.BlackoutController.sendFile(BlackoutController.java:164) at blackout.Task3MarkingTests.lambda$testKnapSack$12(Task3MarkingTests.java:558) at org.junit.jupiter.api.AssertDoesNotThrow.assertDoesNotThrow(AssertDoesNotThrow.java:50) ... 3 more FAILURE DONE 1 test completed, 1 failed FAILURE: Build failed with an exception. bin blog.md build build.gradle checkstyle.xml design.drawio.pdf gradle gradlew gradlew.bat README.md src What went wrong: Execution failed for task ':test'. > There were failing tests. See the report at: file:///home/carl/tutoring/23T2/automarking/assignment-i-automarking/students/z5324992/build/reports/tests/test/index.html bin blog.md build build.gradle checkstyle.xml design.drawio.pdf gradle gradlew gradlew.bat README.md src Try: Run with --stacktrace option to get the stack trace. Run with --info or --debug option to get more log output. Run with --scan to get full insights. bin blog.md build build.gradle checkstyle.xml design.drawio.pdf gradle gradlew gradlew.bat README.md src Get more help at https://help.gradle.org BUILD FAILED in 1s

Test 3-18: Second Simple KnapSack test case
Task3MarkingTests > Simple KnapSack test case, weight = [7,13,17,20,23], value = [4,8,12,16,20], remove file 1,2 and 4 FAILED org.opentest4j.AssertionFailedError: Unexpected exception thrown: java.lang.IllegalArgumentException: No Entities Found at app//org.junit.jupiter.api.AssertDoesNotThrow.createAssertionFailedError(AssertDoesNotThrow.java:83) at app//org.junit.jupiter.api.AssertDoesNotThrow.assertDoesNotThrow(AssertDoesNotThrow.java:54) at app//org.junit.jupiter.api.AssertDoesNotThrow.assertDoesNotThrow(AssertDoesNotThrow.java:37) at app//org.junit.jupiter.api.Assertions.assertDoesNotThrow(Assertions.java:3135) at app//blackout.Task3MarkingTests.testKnapSack2(Task3MarkingTests.java:662) Caused by: java.lang.IllegalArgumentException: No Entities Found at unsw.blackout.BlackoutController.sendFile(BlackoutController.java:164) at blackout.Task3MarkingTests.lambda$testKnapSack2$23(Task3MarkingTests.java:662) at org.junit.jupiter.api.AssertDoesNotThrow.assertDoesNotThrow(AssertDoesNotThrow.java:50) ... 3 more FAILURE DONE 1 test completed, 1 failed FAILURE: Build failed with an exception. bin blog.md build build.gradle checkstyle.xml design.drawio.pdf gradle gradlew gradlew.bat README.md src What went wrong: Execution failed for task ':test'. > There were failing tests. See the report at: file:///home/carl/tutoring/23T2/automarking/assignment-i-automarking/students/z5324992/build/reports/tests/test/index.html bin blog.md build build.gradle checkstyle.xml design.drawio.pdf gradle gradlew gradlew.bat README.md src Try: Run with --stacktrace option to get the stack trace. Run with --info or --debug option to get more log output. Run with --scan to get full insights. bin blog.md build build.gradle checkstyle.xml design.drawio.pdf gradle gradlew gradlew.bat README.md src Get more help at https://help.gradle.org BUILD FAILED in 1s

